[2025-10-01 17:01:08] [INFO] User logged in: naduns@example.com
[2025-10-01 17:01:09] [INFO] User logged in: naduns@example.com
[2025-10-01 17:01:10] [INFO] User logged in: naduns@example.com
[2025-10-01 17:01:11] [INFO] User logged in: naduns@example.com
[2025-10-01 17:01:13] [INFO] User logged in: naduns@example.com
[2025-10-01 17:01:13] [INFO] User logged in: naduns@example.com
[2025-10-01 17:02:59] [INFO] User logged in: naduns@example.com
[2025-10-01 17:04:12] [INFO] User logged in: naduns@example.com
[2025-10-01 17:06:18] [INFO] User logged in: naduns@example.com
[2025-10-01 17:08:40] [INFO] User logged in: naduns@example.com
[2025-10-01 17:15:49] [INFO] User logged in: naduns@example.com
[2025-10-01 17:24:51] [INFO] User logged in: naduns@example.com
[2025-10-01 17:24:55] [WARN] Login failed: invalid password for email - naduns@example.com
[2025-10-01 17:25:04] [WARN] Login failed: invalid password for email - naduns@example.com
[2025-10-01 17:35:02] [INFO] User logged in: naduns@example.com
[2025-10-01 17:35:53] [INFO] User logged in: naduns@example.com
[2025-10-01 17:42:47] [INFO] User logged in: naduns@example.com
[2025-10-01 17:42:49] [INFO] User logged in: naduns@example.com
[2025-10-01 17:45:50] [INFO] User logged in: naduns@example.com
[2025-10-01 17:48:15] [INFO] User logged in: naduns@example.com
[2025-10-01 18:13:44] [INFO] User logged in: naduns@example.com
[2025-10-01 18:13:50] [INFO] User logged in: naduns@example.com
[2025-10-01 18:14:16] [INFO] User logged in: naduns@example.com
[2025-10-01 18:21:17] [INFO] User logged in: naduns@example.com
[2025-10-01 18:22:08] [INFO] User logged in: naduns@example.com
[2025-10-01 18:25:28] [INFO] User logged in: naduns@example.com
[2025-10-01 18:26:15] [INFO] User logged in: naduns@example.com
[2025-10-01 18:30:51] [INFO] User logged in: naduns@example.com
[2025-10-01 18:34:51] [INFO] User logged in: naduns@example.com
[2025-10-01 18:35:00] [INFO] User logged in: naduns@example.com
[2025-10-01 18:35:02] [INFO] User logged in: naduns@example.com
[2025-10-01 18:42:30] [INFO] User logged in: naduns@example.com
[2025-10-01 18:43:14] [INFO] User logged in: naduns@example.com
[2025-10-01 18:44:37] [WARN] Registration failed: email already registered - johndoe@example.com
[2025-10-01 18:45:16] [WARN] Login failed: invalid password for email - naduns@example.com
[2025-10-01 18:45:21] [WARN] Registration failed: email already registered - johndoe@example.com
[2025-10-01 18:45:33] [INFO] User registered successfully: johndoe@gmail.com
[2025-10-01 18:52:03] [INFO] User registered successfully: nadun29521@gmail.com
[2025-10-01 18:52:12] [INFO] User logged in: naduns@example.com
[2025-10-01 18:54:05] [WARN] Registration failed: email already registered - johndoe@gmail.com
[2025-10-01 18:54:15] [INFO] User registered successfully: johndoe9@gmail.com
[2025-10-01 18:55:45] [INFO] User registered successfully: johndoe99@gmail.com
[2025-10-01 18:58:12] [INFO] User logged in: naduns@example.com
[2025-10-01 18:58:14] [INFO] User logged in: naduns@example.com
[2025-10-01 18:58:17] [INFO] User logged in: naduns@example.com
[2025-10-01 18:59:30] [INFO] User logged in: naduns@example.com
[2025-10-01 20:58:17] [INFO] User logged in: naduns@example.com
[2025-10-01 22:06:53] [INFO] User logged in: naduns@example.com
[2025-10-01 22:09:48] [INFO] User logged in: naduns@example.com
[2025-10-01 22:10:35] [INFO] User logged in: naduns@example.com
[2025-10-01 22:17:31] [INFO] User logged in: naduns@example.com
[2025-10-01 22:21:08] [INFO] User logged in: naduns@example.com
[2025-10-01 22:31:17] [INFO] User logged in: naduns@example.com
[2025-10-01 22:37:26] [INFO] User logged in: naduns@example.com
[2025-10-01 22:41:24] [INFO] User logged in: naduns@example.com
[2025-10-01 22:48:29] [INFO] User logged in: naduns@example.com
[2025-10-01 22:57:11] [INFO] User logged in: naduns@example.com
[2025-10-01 22:57:37] [INFO] User logged in: naduns@example.com
[2025-10-01 23:06:36] [INFO] User logged in: naduns@example.com
[2025-10-01 23:16:06] [INFO] User logged in: naduns@example.com
[2025-10-01 23:19:54] [INFO] User logged in: naduns@example.com
[2025-10-01 23:24:34] [INFO] User logged in: naduns@example.com
[2025-10-01 23:31:44] [INFO] User logged in: naduns@example.com
[2025-10-01 23:31:44] [INFO] User logged in: naduns@example.com
[2025-10-01 23:38:42] [INFO] User logged in: naduns@example.com
[2025-10-01 23:38:42] [INFO] User logged in: naduns@example.com
[2025-10-01 23:55:11] [WARN] Registration failed: email already registered - johndoe@gmail.com
[2025-10-01 23:57:27] [WARN] Login failed: invalid password for email - naduns@example.com
[2025-10-01 23:57:29] [WARN] Login failed: invalid password for email - naduns@example.com
[2025-10-01 23:57:40] [INFO] User logged in: naduns@example.com
[2025-10-02 00:03:27] [INFO] User logged in: naduns@example.com
[2025-10-02 00:03:34] [INFO] User logged in: naduns@example.com
[2025-10-02 00:04:34] [INFO] User logged in: naduns@example.com
[2025-10-02 00:06:39] [INFO] User logged in: naduns@example.com
[2025-10-02 00:11:01] [INFO] User logged in: naduns@example.com
[2025-10-02 00:11:33] [INFO] User logged in: naduns@example.com
[2025-10-02 00:31:36] [INFO] User logged in: naduns@example.com
[2025-10-02 00:49:22] [INFO] User logged in: naduns@example.com
[2025-10-02 00:51:16] [INFO] User logged in: naduns@example.com
[2025-10-02 00:52:55] [INFO] User logged in: naduns@example.com
[2025-10-02 00:52:58] [INFO] User logged in: naduns@example.com
[2025-10-02 01:13:55] [INFO] User logged in: naduns@example.com
[2025-10-02 01:16:01] [INFO] User logged in: naduns@example.com
[2025-10-02 01:22:34] [INFO] User logged in: naduns@example.com
[2025-10-02 01:31:17] [INFO] User logged in: naduns@example.com
[2025-10-02 01:31:21] [INFO] User logged in: naduns@example.com
[2025-10-02 01:47:02] [INFO] User logged in: naduns@example.com
[2025-10-02 02:02:49] [INFO] User logged in: naduns@example.com
[2025-10-02 02:20:05] [INFO] User logged in: naduns@example.com
[2025-10-02 02:28:20] [INFO] User logged in: naduns@example.com
[2025-10-02 02:30:17] [INFO] User logged in: naduns@example.com
[2025-10-02 09:04:29] [INFO] User logged in: naduns@example.com
[2025-10-02 09:07:46] [INFO] User logged in: naduns@example.com
[2025-10-02 09:15:24] [INFO] User logged in: naduns@example.com
[2025-10-02 22:19:59] [INFO] User logged in: naduns@example.com
[2025-10-02 22:26:57] [INFO] User logged in: naduns@example.com
[2025-10-02 22:28:05] [INFO] User logged in: naduns@example.com
[2025-10-02 22:34:02] [INFO] User logged in: naduns@example.com
[2025-10-02 22:37:54] [INFO] User logged in: naduns@example.com
[2025-10-02 22:47:59] [INFO] User logged in: naduns@example.com
[2025-10-02 22:58:55] [INFO] User logged in: naduns@example.com
[2025-10-02 22:59:55] [INFO] User logged in: naduns@example.com
[2025-10-02 23:03:03] [INFO] User logged in: naduns@example.com
[2025-10-02 23:05:26] [INFO] User logged in: naduns@example.com
[2025-10-02 23:08:45] [INFO] User logged in: naduns@example.com
[2025-10-02 23:15:16] [INFO] User logged in: naduns@example.com
[2025-10-02 23:16:46] [INFO] User logged in: naduns@example.com
[2025-10-02 23:17:10] [INFO] User logged in: naduns@example.com
[2025-10-02 23:23:31] [INFO] User logged in: naduns@example.com
[2025-10-02 23:24:54] [INFO] User logged in: naduns@example.com
[2025-10-02 23:32:36] [INFO] User logged in: naduns@example.com
[2025-10-02 23:32:37] [INFO] User logged in: naduns@example.com
[2025-10-02 23:34:59] [INFO] User logged in: naduns@example.com
[2025-10-02 23:43:07] [INFO] User logged in: naduns@example.com
[2025-10-02 23:58:11] [INFO] User logged in: naduns@example.com
[2025-10-03 06:17:42] [INFO] User logged in: naduns@example.com
[2025-10-03 06:26:29] [INFO] User logged in: naduns@example.com
[2025-10-03 06:28:08] [INFO] User logged in: naduns@example.com
[2025-10-03 06:28:16] [INFO] User logged in: naduns@example.com
[2025-10-03 06:31:22] [INFO] User logged in: naduns@example.com
[2025-10-03 06:32:37] [INFO] User logged in: naduns@example.com
[2025-10-03 06:55:10] [INFO] User logged in: naduns@example.com
[2025-10-03 06:56:25] [INFO] User logged in: naduns@example.com
[2025-10-03 06:56:26] [INFO] User logged in: naduns@example.com
[2025-10-03 06:58:30] [INFO] User logged in: naduns@example.com
[2025-10-03 06:59:47] [INFO] User logged in: naduns@example.com
[2025-10-03 08:59:26] [INFO] User logged in: naduns@example.com
[2025-10-03 08:59:41] [INFO] User logged in: naduns@example.com
[2025-10-03 09:15:43] [INFO] User logged in: naduns@example.com
[2025-10-03 09:53:50] [INFO] User logged in: naduns@example.com
[2025-10-03 09:57:01] [INFO] User logged in: naduns@example.com
[2025-10-03 10:02:19] [INFO] User logged in: naduns@example.com
[2025-10-03 10:06:34] [INFO] User logged in: naduns@example.com
[2025-10-03 10:09:38] [INFO] User logged in: naduns@example.com
[2025-10-03 10:11:13] [INFO] User logged in: naduns@example.com
[2025-10-03 10:11:58] [INFO] User logged in: naduns@example.com
[2025-10-03 10:14:14] [INFO] User logged in: naduns@example.com
[2025-10-03 10:17:10] [INFO] User logged in: naduns@example.com
[2025-10-03 10:40:14] [INFO] User logged in: naduns@example.com
[2025-10-03 10:47:02] [INFO] User logged in: naduns@example.com
[2025-10-03 10:49:56] [INFO] User logged in: naduns@example.com
[2025-10-03 11:01:10] [INFO] User logged in: naduns@example.com
[2025-10-03 11:05:03] [INFO] User logged in: naduns@example.com
[2025-10-03 11:14:01] [INFO] User logged in: naduns@example.com
[2025-10-03 11:20:58] [INFO] User logged in: naduns@example.com
[2025-10-03 11:27:15] [INFO] User logged in: naduns@example.com
[2025-10-03 11:34:16] [INFO] User logged in: naduns@example.com
[2025-10-03 11:36:23] [INFO] User logged in: naduns@example.com
[2025-10-03 12:34:03] [INFO] User logged in: naduns@example.com
[2025-10-03 12:47:57] [INFO] User logged in: naduns@example.com
[2025-10-03 13:08:19] [INFO] User logged in: naduns@example.com
[2025-10-03 13:19:48] [INFO] User logged in: naduns@example.com
[2025-10-03 14:22:10] [INFO] User logged in: naduns@example.com
[2025-10-03 14:29:32] [INFO] User logged in: naduns@example.com
[2025-10-03 14:44:40] [INFO] User logged in: naduns@example.com
[2025-10-03 14:48:11] [INFO] User logged in: naduns@example.com
[2025-10-03 15:01:27] [INFO] User logged in: naduns@example.com
[2025-10-03 15:15:40] [INFO] User logged in: naduns@example.com
[2025-10-03 16:34:48] [INFO] User logged in: naduns@example.com
[2025-10-03 16:35:04] [INFO] User logged in: naduns@example.com
[2025-10-03 16:35:10] [INFO] User logged in: naduns@example.com
[2025-10-03 17:38:05] [INFO] User logged in: naduns@example.com
[2025-10-03 18:21:12] [INFO] User logged in: naduns@example.com
[2025-10-03 18:25:30] [INFO] User logged in: naduns@example.com
[2025-10-03 18:47:01] [INFO] User logged in: naduns@example.com
[2025-10-03 21:15:12] [INFO] User logged in: naduns@example.com
[2025-10-03 21:20:42] [INFO] User logged in: naduns@example.com
[2025-10-03 21:31:37] [INFO] User logged in: naduns@example.com
[2025-10-03 22:22:57] [INFO] User logged in: naduns@example.com
[2025-10-03 23:00:55] [INFO] User logged in: naduns@example.com
[2025-10-03 23:08:08] [INFO] User logged in: naduns@example.com
[2025-10-03 23:08:50] [INFO] User logged in: naduns@example.com
[2025-10-03 23:53:40] [INFO] User logged in: naduns@example.com
[2025-10-03 23:59:00] [INFO] User logged in: naduns@example.com
[2025-10-04 01:36:49] [INFO] User logged in: naduns@example.com
[2025-10-04 01:47:42] [INFO] User logged in: naduns@example.com
[2025-10-04 01:47:46] [WARN] Login failed: invalid email - naduns@example.csom
[2025-10-04 01:47:51] [WARN] Login failed: invalid password for email - naduns@example.com
[2025-10-04 01:48:52] [WARN] Registration failed: email already registered - johndoe@gmail.com
[2025-10-04 01:49:01] [INFO] User registered successfully: johndo2e@gmail.com
[2025-10-04 01:54:51] [INFO] User logged in: naduns@example.com
[2025-10-04 03:21:30] [INFO] User logged in: naduns@example.com
[2025-10-04 09:47:20] [INFO] User logged in: naduns@example.com
[2025-10-04 10:48:41] [INFO] User logged in: naduns@example.com
[2025-10-04 12:50:40] [INFO] User logged in: naduns@example.com
[2025-10-04 13:53:58] [INFO] User logged in: naduns@example.com
[2025-10-04 15:02:53] [INFO] User logged in: naduns@example.com
[2025-10-04 15:02:55] [INFO] User logged in: naduns@example.com
